c:\users\jin01\desktop\code-master\chapter03\debug\vc142.pdb
c:\users\jin01\desktop\code-master\chapter03\debug\vc142.idb
c:\users\jin01\desktop\code-master\chapter03\debug\spritecomponent.obj
c:\users\jin01\desktop\code-master\chapter03\debug\ship.obj
c:\users\jin01\desktop\code-master\chapter03\debug\random.obj
c:\users\jin01\desktop\code-master\chapter03\debug\movecomponent.obj
c:\users\jin01\desktop\code-master\chapter03\debug\math.obj
c:\users\jin01\desktop\code-master\chapter03\debug\main.obj
c:\users\jin01\desktop\code-master\chapter03\debug\laser.obj
c:\users\jin01\desktop\code-master\chapter03\debug\inputcomponent.obj
c:\users\jin01\desktop\code-master\chapter03\debug\game.obj
c:\users\jin01\desktop\code-master\chapter03\debug\component.obj
c:\users\jin01\desktop\code-master\chapter03\debug\circlecomponent.obj
c:\users\jin01\desktop\code-master\chapter03\debug\asteroid.obj
c:\users\jin01\desktop\code-master\chapter03\debug\actor.obj
c:\users\jin01\desktop\chapter03\debug\vc142.pdb
c:\users\jin01\desktop\chapter03\debug\vc142.idb
c:\users\jin01\documents\school2\shotting\chapter03\debug\vc142.pdb
c:\users\jin01\documents\school2\shotting\chapter03\debug\vc142.idb
c:\users\jin01\documents\school2\shotting\chapter03\debug\spritecomponent.obj
c:\users\jin01\documents\school2\shotting\chapter03\debug\ship.obj
c:\users\jin01\documents\school2\shotting\chapter03\debug\random.obj
c:\users\jin01\documents\school2\shotting\chapter03\debug\movecomponent.obj
c:\users\jin01\documents\school2\shotting\chapter03\debug\math.obj
c:\users\jin01\documents\school2\shotting\chapter03\debug\main.obj
c:\users\jin01\documents\school2\shotting\chapter03\debug\laser.obj
c:\users\jin01\documents\school2\shotting\chapter03\debug\inputcomponent.obj
c:\users\jin01\documents\school2\shotting\chapter03\debug\game.obj
c:\users\jin01\documents\school2\shotting\chapter03\debug\component.obj
c:\users\jin01\documents\school2\shotting\chapter03\debug\circlecomponent.obj
c:\users\jin01\documents\school2\shotting\chapter03\debug\bgspritecomponent.obj
c:\users\jin01\documents\school2\shotting\chapter03\debug\asteroid.obj
c:\users\jin01\documents\school2\shotting\chapter03\debug\actor.obj
c:\users\jin01\documents\school2\shotting\chapter03\debug\movecomponent2.obj
c:\users\jin01\documents\school2\shotting\chapter03\debug\start.obj
c:\users\jin01\desktop\code-master\chapter03\debug\game.ilk
c:\users\jin01\desktop\code-master\chapter03\debug\game.exe
c:\users\jin01\desktop\code-master\chapter03\debug\game.pdb
c:\users\jin01\documents\school2\shotting\chapter03\debug\game.pdb
c:\users\jin01\documents\school2\shotting\chapter03\debug\game.tlog\cl.command.1.tlog
c:\users\jin01\documents\school2\shotting\chapter03\debug\game.tlog\cl.read.1.tlog
c:\users\jin01\documents\school2\shotting\chapter03\debug\game.tlog\cl.write.1.tlog
c:\users\jin01\documents\school2\shotting\chapter03\debug\game.tlog\link-cvtres.read.1.tlog
c:\users\jin01\documents\school2\shotting\chapter03\debug\game.tlog\link-cvtres.write.1.tlog
c:\users\jin01\documents\school2\shotting\chapter03\debug\game.tlog\link-rc.read.1.tlog
c:\users\jin01\documents\school2\shotting\chapter03\debug\game.tlog\link-rc.write.1.tlog
c:\users\jin01\documents\school2\shotting\chapter03\debug\game.tlog\link.21272-cvtres.read.1.tlog
c:\users\jin01\documents\school2\shotting\chapter03\debug\game.tlog\link.21272-cvtres.write.1.tlog
c:\users\jin01\documents\school2\shotting\chapter03\debug\game.tlog\link.21272-rc.read.1.tlog
c:\users\jin01\documents\school2\shotting\chapter03\debug\game.tlog\link.21272-rc.write.1.tlog
c:\users\jin01\documents\school2\shotting\chapter03\debug\game.tlog\link.21272.read.1.tlog
c:\users\jin01\documents\school2\shotting\chapter03\debug\game.tlog\link.21272.write.1.tlog
c:\users\jin01\documents\school2\shotting\chapter03\debug\game.tlog\link.command.1.tlog
c:\users\jin01\documents\school2\shotting\chapter03\debug\game.tlog\link.read.1.tlog
c:\users\jin01\documents\school2\shotting\chapter03\debug\game.tlog\link.write.1.tlog
